2023-01-18 10:43:21 [DEBUG] [webhook] Try use function <webhook_group_message> for  {"type":"GroupMessage","messageChain":[{"type":"Source","id":19162,"time":1674053000},{"type":"Plain","text":"a"}],"sender":{"id":3325629928,"memberName":" Dream.","specialTitle":"","permission":"OWNER","joinTimestamp":1673802578,"lastSpeakTimestamp":1674053000,"muteTimeRemaining":0,"group":{"id":604568448,"name":"MiraiTravel \u5b98\u65b9\u4ea4\u6d41\u7fa4","permission":"MEMBER"}}}
2023-01-18 10:43:21 [DEBUG] [webhook] Used failed!
2023-01-18 10:43:26 [DEBUG] [webhook] Try use function <webhook_friend_message> for  {"type":"FriendMessage","messageChain":[{"type":"Source","id":20031,"time":1674053006},{"type":"Plain","text":"a"}],"sender":{"id":3325629928,"nickname":" Dream.","remark":" Dream."}}
2023-01-18 10:44:11 [DEBUG] [webhook] Try use function <webhook_friend_message> for  {"type":"FriendMessage","messageChain":[{"type":"Source","id":20032,"time":1674053051},{"type":"Plain","text":"a"}],"sender":{"id":3325629928,"nickname":" Dream.","remark":" Dream."}}
2023-01-18 10:44:29 [DEBUG] [webhook] Try use function <webhook_friend_message> for  {"type":"FriendMessage","messageChain":[{"type":"Source","id":20033,"time":1674053069},{"type":"Plain","text":"a"}],"sender":{"id":3325629928,"nickname":" Dream.","remark":" Dream."}}
2023-01-18 10:44:31 [DEBUG] [webhook] Try use function <webhook_group_message> for  {"type":"GroupMessage","messageChain":[{"type":"Source","id":19164,"time":1674053071},{"type":"Plain","text":"a"}],"sender":{"id":3325629928,"memberName":" Dream.","specialTitle":"","permission":"OWNER","joinTimestamp":1673802578,"lastSpeakTimestamp":1674053071,"muteTimeRemaining":0,"group":{"id":604568448,"name":"MiraiTravel \u5b98\u65b9\u4ea4\u6d41\u7fa4","permission":"MEMBER"}}}
2023-01-18 10:44:31 [DEBUG] [webhook] Used failed!
2023-01-18 10:45:33 [DEBUG] [webhook] Try use function <webhook_group_sync_message> for  {"type":"GroupSyncMessage","messageChain":[{"type":"Source","id":205,"time":1674053133},{"type":"Image","imageId":"{F0D0D222-8A79-D09E-BF5C-47118592908C}.png","url":"http:\/\/gchat.qpic.cn\/gchatpic_new\/2771717841\/749709015-2229913750-F0D0D2228A79D09EBF5C47118592908C\/0?term=2&is_origin=0","path":null,"base64":null,"width":198,"height":192,"size":39299,"imageType":"PNG","isEmoji":false}],"subject":{"id":749709015,"name":"MiraiEz \u5b98\u65b9\u4ea4\u6d41\u7fa4","permission":"ADMINISTRATOR"}}
2023-01-18 10:45:33 [DEBUG] [webhook] Used failed!
2023-01-18 10:48:05 [DEBUG] [webhook] Try use function <webhook_friend_message> for  {"type":"FriendMessage","messageChain":[{"type":"Source","id":20034,"time":1674053284},{"type":"Plain","text":"a"}],"sender":{"id":3325629928,"nickname":" Dream.","remark":" Dream."}}
2023-01-18 10:48:09 [DEBUG] [webhook] Try use function <webhook_friend_message> for  {"type":"FriendMessage","messageChain":[{"type":"Source","id":20035,"time":1674053289},{"type":"Plain","text":"a"}],"sender":{"id":3325629928,"nickname":" Dream.","remark":" Dream."}}
2023-01-18 10:49:44 [DEBUG] [webhook] Try use function <webhook_friend_message> for  {"type":"FriendMessage","messageChain":[{"type":"Source","id":20037,"time":1674053384},{"type":"Plain","text":"a"}],"sender":{"id":3325629928,"nickname":" Dream.","remark":" Dream."}}
2023-01-18 10:51:48 [DEBUG] [webhook] Try use function <webhook_group_sync_message> for  {"type":"GroupSyncMessage","messageChain":[{"type":"Source","id":208540,"time":1674053508},{"type":"Image","imageId":"{079CA255-4130-35E6-1163-825FEB0E9D29}.png","url":"http:\/\/gchat.qpic.cn\/gchatpic_new\/2771717841\/712201056-2969451590-079CA255413035E61163825FEB0E9D29\/0?term=2&is_origin=0","path":null,"base64":null,"width":1428,"height":944,"size":316270,"imageType":"PNG","isEmoji":false}],"subject":{"id":712201056,"name":"QQ\u98de\u8f66\u624b\u6e38\u4ea4\u6d41\u7fa4","permission":"MEMBER"}}
2023-01-18 10:51:48 [DEBUG] [webhook] Used failed!
2023-01-18 10:51:57 [DEBUG] [webhook] Try use function <webhook_group_sync_message> for  {"type":"GroupSyncMessage","messageChain":[{"type":"Source","id":208541,"time":1674053516},{"type":"Plain","text":"\u54ea\u5929\u6211\u53d1\u7535\u4e86\u628a\u6211\u7981\u8a00\u5c31\u597d"}],"subject":{"id":712201056,"name":"QQ\u98de\u8f66\u624b\u6e38\u4ea4\u6d41\u7fa4","permission":"MEMBER"}}
2023-01-18 10:51:57 [DEBUG] [webhook] Used failed!
2023-01-18 10:52:02 [DEBUG] [webhook] Try use function <webhook_group_sync_message> for  {"type":"GroupSyncMessage","messageChain":[{"type":"Source","id":208542,"time":1674053521},{"type":"Image","imageId":"{660F9640-FD00-7A32-941D-648A7CFF1B1D}.jpg","url":"http:\/\/gchat.qpic.cn\/gchatpic_new\/2771717841\/712201056-2940679174-660F9640FD007A32941D648A7CFF1B1D\/0?term=2&is_origin=0","path":null,"base64":null,"width":720,"height":674,"size":26956,"imageType":"JPG","isEmoji":false}],"subject":{"id":712201056,"name":"QQ\u98de\u8f66\u624b\u6e38\u4ea4\u6d41\u7fa4","permission":"MEMBER"}}
2023-01-18 10:52:02 [DEBUG] [webhook] Used failed!
2023-01-18 11:22:43 [DEBUG] [webhook] Try use function <webhook_group_message> for  {"type":"GroupMessage","messageChain":[{"type":"Source","id":247921,"time":1674055363},{"type":"App","content":"{\"app\":\"com.tencent.structmsg\",\"desc\":\"\u97f3\u4e50\",\"view\":\"music\",\"ver\":\"0.0.0.1\",\"prompt\":\"[\u5206\u4eab]\u6d3b\u7740\u7a76\u7adf\u4e3a\u4ec0\u4e48\",\"meta\":{\"music\":{\"action\":\"\",\"android_pkg_name\":\"\",\"app_type\":1,\"appid\":101097681,\"ctime\":1674053680,\"desc\":\"\u5409\u7f8e\u78c1\u5316\u51c0\u6c34\u56681\u3001\u51c0\u5316\u3001\u78c1\u5316\u3001\u5168\u81ea\u52a8\u6a2a\u6d41\u6280\u672f\uff0c\u4fdd\u6301\u51c0\u5316\u3001\u78c1\u5316\u3001\u7a33\u5b9a\u4e09\u4f4d\u4e00\u4f53\u72ec\u5bb6\u6280\u2026\",\"jumpUrl\":\"https:\\\/\\\/static-play.kg.qq.com\\\/node\\\/L7uY9wKVIK\\\/play_v2?s=r6C9R6rldRrjErUJ&shareuid=63999c8d222b348d34&topsource=a0_pn201001004_z11_u141876360_l1_t1674053674__&pageId=details_of_creations\",\"musicUrl\":\"http:\\\/\\\/cgi.kg.qq.com\\\/fcgi-bin\\\/fcg_get_play_url?shareid=r6C9R6rldRrjErUJ\",\"preview\":\"http:\\\/\\\/pic.kg.qq.com\\\/ttkg\\\/0\\\/eaa865d69dc173b3047e47ef83f9fafc5981d3ae\\\/640?t=1&j=PiajxSqBRaEIf0bHhsJQ0QVoFSjos8ibuwib8icMibSGWGru7aj84uAW826V84GUk58dtVtmdtkOS8XXegQTvibCcVEdtX0O7iafib5fzNV4nnIbdLcqHLuBrfro91KW5C0G2p4lCTVpsticDmyo\",\"sourceMsgId\":\"0\",\"source_icon\":\"https:\\\/\\\/open.gtimg.cn\\\/open\\\/app_icon\\\/01\\\/09\\\/76\\\/81\\\/101097681_100_m.png?t=1655373804\",\"source_url\":\"\",\"tag\":\"\u5168\u6c11K\u6b4c\",\"title\":\"\u6d3b\u7740\u7a76\u7adf\u4e3a\u4ec0\u4e48\",\"uin\":1432260207}},\"config\":{\"ctime\":1674053680,\"forward\":true,\"token\":\"c3f20a176eee938a22fa072137fb34e6\",\"type\":\"normal\"}}"}],"sender":{"id":2608001524,"memberName":"\u5409\u7f8e\u5c0f\u5206\u5b50\u6c34\u51c0\u6c34\u5668","specialTitle":"","permission":"MEMBER","joinTimestamp":1592803410,"lastSpeakTimestamp":1674055363,"muteTimeRemaining":0,"group":{"id":225383939,"name":"\u5168\u6c11k\u6b4c","permission":"MEMBER"}}}
2023-01-18 11:22:43 [DEBUG] [webhook] Used failed!
2023-01-18 11:25:15 [DEBUG] [webhook] Try use function <webhook_group_message> for  {"type":"GroupMessage","messageChain":[{"type":"Source","id":19165,"time":1674055515},{"type":"Plain","text":">js a"}],"sender":{"id":3325629928,"memberName":" Dream.","specialTitle":"","permission":"OWNER","joinTimestamp":1673802578,"lastSpeakTimestamp":1674055515,"muteTimeRemaining":0,"group":{"id":604568448,"name":"MiraiTravel \u5b98\u65b9\u4ea4\u6d41\u7fa4","permission":"MEMBER"}}}
2023-01-18 11:25:15 [DEBUG] [webhook] Used failed!
2023-01-18 11:25:52 [DEBUG] [webhook] Try use function <webhook_group_message> for  {"type":"GroupMessage","messageChain":[{"type":"Source","id":19167,"time":1674055552},{"type":"Plain","text":"a"}],"sender":{"id":3325629928,"memberName":" Dream.","specialTitle":"","permission":"OWNER","joinTimestamp":1673802578,"lastSpeakTimestamp":1674055552,"muteTimeRemaining":0,"group":{"id":604568448,"name":"MiraiTravel \u5b98\u65b9\u4ea4\u6d41\u7fa4","permission":"MEMBER"}}}
2023-01-18 11:25:52 [DEBUG] [webhook] Used failed!
2023-01-18 11:26:00 [DEBUG] [webhook] Try use function <webhook_other_client_offline_event> for  {"type":"OtherClientOfflineEvent","client":{"id":1,"platform":"WINDOWS"}}
2023-01-18 11:26:00 [DEBUG] [webhook] Used failed!
2023-01-18 11:27:48 [DEBUG] [webhook] Try use function <webhook_group_message> for  {"type":"GroupMessage","messageChain":[{"type":"Source","id":19168,"time":1674055667},{"type":"Plain","text":">js a"}],"sender":{"id":3325629928,"memberName":" Dream.","specialTitle":"","permission":"OWNER","joinTimestamp":1673802578,"lastSpeakTimestamp":1674055667,"muteTimeRemaining":0,"group":{"id":604568448,"name":"MiraiTravel \u5b98\u65b9\u4ea4\u6d41\u7fa4","permission":"MEMBER"}}}
2023-01-18 11:27:48 [DEBUG] [webhook] Used failed! <Error: Call to undefined method MiraiTravel\MessageChain\MessageChain::set_message_chain() in /www/WEB/mirai.mrxie.xyz/script/Q2771717841.php:51
Stack trace:
#0 /www/WEB/mirai.mrxie.xyz/core/qqObj.php(87): MiraiTravel\QQObj\Script\Q2771717841->webhook_group_message()
#1 /www/WEB/mirai.mrxie.xyz/webhook.php(36): MiraiTravel\QQObj\QQObj->webhook()
#2 {main}>
2023-01-18 11:28:16 [DEBUG] [webhook] Try use function <webhook_group_message> for  {"type":"GroupMessage","messageChain":[{"type":"Source","id":19169,"time":1674055696},{"type":"Plain","text":">js a"}],"sender":{"id":3325629928,"memberName":" Dream.","specialTitle":"","permission":"OWNER","joinTimestamp":1673802578,"lastSpeakTimestamp":1674055696,"muteTimeRemaining":0,"group":{"id":604568448,"name":"MiraiTravel \u5b98\u65b9\u4ea4\u6d41\u7fa4","permission":"MEMBER"}}}
2023-01-18 11:28:16 [DEBUG] [webhook] Used failed! <Error: [] operator not supported for strings in /www/WEB/mirai.mrxie.xyz/core/messageChain.php:47
Stack trace:
#0 /www/WEB/mirai.mrxie.xyz/script/Q2771717841.php(52): MiraiTravel\MessageChain\MessageChain->get_all_plain()
#1 /www/WEB/mirai.mrxie.xyz/core/qqObj.php(87): MiraiTravel\QQObj\Script\Q2771717841->webhook_group_message()
#2 /www/WEB/mirai.mrxie.xyz/webhook.php(36): MiraiTravel\QQObj\QQObj->webhook()
#3 {main}>
2023-01-18 11:29:22 [DEBUG] [webhook] Try use function <webhook_group_message> for  {"type":"GroupMessage","messageChain":[{"type":"Source","id":19170,"time":1674055762},{"type":"Plain","text":">js a"}],"sender":{"id":3325629928,"memberName":" Dream.","specialTitle":"","permission":"OWNER","joinTimestamp":1673802578,"lastSpeakTimestamp":1674055762,"muteTimeRemaining":0,"group":{"id":604568448,"name":"MiraiTravel \u5b98\u65b9\u4ea4\u6d41\u7fa4","permission":"MEMBER"}}}
2023-01-18 11:30:45 [DEBUG] [webhook] Try use function <webhook_friend_message> for  {"type":"FriendMessage","messageChain":[{"type":"Source","id":20038,"time":1674055844},{"type":"Plain","text":"a"}],"sender":{"id":3325629928,"nickname":" Dream.","remark":" Dream."}}
2023-01-18 11:31:39 [DEBUG] [webhook] Try use function <webhook_group_message> for  {"type":"GroupMessage","messageChain":[{"type":"Source","id":19171,"time":1674055899},{"type":"Plain","text":">js a"}],"sender":{"id":3325629928,"memberName":" Dream.","specialTitle":"","permission":"OWNER","joinTimestamp":1673802578,"lastSpeakTimestamp":1674055899,"muteTimeRemaining":0,"group":{"id":604568448,"name":"MiraiTravel \u5b98\u65b9\u4ea4\u6d41\u7fa4","permission":"MEMBER"}}}
2023-01-18 11:32:01 [DEBUG] [webhook] Try use function <webhook_group_message> for  {"type":"GroupMessage","messageChain":[{"type":"Source","id":19173,"time":1674055921},{"type":"Plain","text":">js a"}],"sender":{"id":3325629928,"memberName":" Dream.","specialTitle":"","permission":"OWNER","joinTimestamp":1673802578,"lastSpeakTimestamp":1674055921,"muteTimeRemaining":0,"group":{"id":604568448,"name":"MiraiTravel \u5b98\u65b9\u4ea4\u6d41\u7fa4","permission":"MEMBER"}}}
2023-01-18 11:33:47 [DEBUG] [webhook] Try use function <webhook_group_message> for  {"type":"GroupMessage","messageChain":[{"type":"Source","id":19174,"time":1674056027},{"type":"Plain","text":">js a"}],"sender":{"id":3325629928,"memberName":" Dream.","specialTitle":"","permission":"OWNER","joinTimestamp":1673802578,"lastSpeakTimestamp":1674056027,"muteTimeRemaining":0,"group":{"id":604568448,"name":"MiraiTravel \u5b98\u65b9\u4ea4\u6d41\u7fa4","permission":"MEMBER"}}}
2023-01-18 11:35:46 [DEBUG] [webhook] Try use function <webhook_group_message> for  {"type":"GroupMessage","messageChain":[{"type":"Source","id":19175,"time":1674056146},{"type":"Plain","text":">js a"}],"sender":{"id":3325629928,"memberName":" Dream.","specialTitle":"","permission":"OWNER","joinTimestamp":1673802578,"lastSpeakTimestamp":1674056146,"muteTimeRemaining":0,"group":{"id":604568448,"name":"MiraiTravel \u5b98\u65b9\u4ea4\u6d41\u7fa4","permission":"MEMBER"}}}
2023-01-18 11:36:06 [DEBUG] [webhook] Try use function <webhook_group_message> for  {"type":"GroupMessage","messageChain":[{"type":"Source","id":19177,"time":1674056166},{"type":"Plain","text":">js console.log(\"a\");"}],"sender":{"id":3325629928,"memberName":" Dream.","specialTitle":"","permission":"OWNER","joinTimestamp":1673802578,"lastSpeakTimestamp":1674056166,"muteTimeRemaining":0,"group":{"id":604568448,"name":"MiraiTravel \u5b98\u65b9\u4ea4\u6d41\u7fa4","permission":"MEMBER"}}}
2023-01-18 11:36:15 [DEBUG] [webhook] Try use function <webhook_group_message> for  {"type":"GroupMessage","messageChain":[{"type":"Source","id":19179,"time":1674056175},{"type":"Plain","text":">js console.log(\"a\");"}],"sender":{"id":3325629928,"memberName":" Dream.","specialTitle":"","permission":"OWNER","joinTimestamp":1673802578,"lastSpeakTimestamp":1674056175,"muteTimeRemaining":0,"group":{"id":604568448,"name":"MiraiTravel \u5b98\u65b9\u4ea4\u6d41\u7fa4","permission":"MEMBER"}}}
2023-01-18 11:42:58 [DEBUG] [webhook] Try use function <webhook_group_message> for  {"type":"GroupMessage","messageChain":[{"type":"Source","id":19181,"time":1674056578},{"type":"Plain","text":">js console.log(\"a\");"}],"sender":{"id":3325629928,"memberName":" Dream.","specialTitle":"","permission":"OWNER","joinTimestamp":1673802578,"lastSpeakTimestamp":1674056578,"muteTimeRemaining":0,"group":{"id":604568448,"name":"MiraiTravel \u5b98\u65b9\u4ea4\u6d41\u7fa4","permission":"MEMBER"}}}
2023-01-18 11:44:34 [DEBUG] [webhook] Try use function <webhook_group_message> for  {"type":"GroupMessage","messageChain":[{"type":"Source","id":19183,"time":1674056674},{"type":"Plain","text":">python \nprint(\"a\")"}],"sender":{"id":3325629928,"memberName":" Dream.","specialTitle":"","permission":"OWNER","joinTimestamp":1673802578,"lastSpeakTimestamp":1674056674,"muteTimeRemaining":0,"group":{"id":604568448,"name":"MiraiTravel \u5b98\u65b9\u4ea4\u6d41\u7fa4","permission":"MEMBER"}}}
2023-01-20 06:14:25 [DEBUG] [webhook] Try use function <webhook_group_message> for  {"type":"GroupMessage","messageChain":[{"type":"Source","id":19194,"time":1674209665},{"type":"Plain","text":">python \nprint(\"a\")"}],"sender":{"id":3325629928,"memberName":" Dream.","specialTitle":"","permission":"OWNER","joinTimestamp":1673802578,"lastSpeakTimestamp":1674209665,"muteTimeRemaining":0,"group":{"id":604568448,"name":"MiraiTravel \u5b98\u65b9\u4ea4\u6d41\u7fa4","permission":"MEMBER"}}}
2023-01-20 06:14:25 [DEBUG] [webhook] Try use function <webhook_group_message> for [bilibiliFans]<V0.1.0>{"type":"GroupMessage","messageChain":[{"type":"Source","id":19194,"time":1674209665},{"type":"Plain","text":">python \nprint(\"a\")"}],"sender":{"id":3325629928,"memberName":" Dream.","specialTitle":"","permission":"OWNER","joinTimestamp":1673802578,"lastSpeakTimestamp":1674209665,"muteTimeRemaining":0,"group":{"id":604568448,"name":"MiraiTravel \u5b98\u65b9\u4ea4\u6d41\u7fa4","permission":"MEMBER"}}}
2023-01-20 06:14:25 [DEBUG] [webhook] Used failed! <Error: Call to undefined method MiraiTravel\Plugins\bilibiliFans\V0_1_0\bilibiliFans::webhook_group_message() in /www/WEB/mirai.mrxie.xyz/components/webhook/V0.1.1/webhook.php:58
Stack trace:
#0 [internal function]: MiraiTravel\QQObj\QQObj->MiraiTravel\Components\webhook\V0_1_1\{closure}()
#1 /www/WEB/mirai.mrxie.xyz/core/qqObj.php(273): call_user_func_array()
#2 /www/WEB/mirai.mrxie.xyz/webhook.php(45): MiraiTravel\QQObj\QQObj->__call()
#3 {main}>
2023-01-20 06:14:25 [DEBUG] [webhook] Try use function <webhook_group_message> for [runoobC]<V0.1.0>{"type":"GroupMessage","messageChain":[{"type":"Source","id":19194,"time":1674209665},{"type":"Plain","text":">python \nprint(\"a\")"}],"sender":{"id":3325629928,"memberName":" Dream.","specialTitle":"","permission":"OWNER","joinTimestamp":1673802578,"lastSpeakTimestamp":1674209665,"muteTimeRemaining":0,"group":{"id":604568448,"name":"MiraiTravel \u5b98\u65b9\u4ea4\u6d41\u7fa4","permission":"MEMBER"}}}
2023-01-20 06:14:34 [DEBUG] [webhook] Try use function <webhook_group_message> for  {"type":"GroupMessage","messageChain":[{"type":"Source","id":19195,"time":1674209673},{"type":"Plain","text":">python \nprint(\"a\")"}],"sender":{"id":3325629928,"memberName":" Dream.","specialTitle":"","permission":"OWNER","joinTimestamp":1673802578,"lastSpeakTimestamp":1674209674,"muteTimeRemaining":0,"group":{"id":604568448,"name":"MiraiTravel \u5b98\u65b9\u4ea4\u6d41\u7fa4","permission":"MEMBER"}}}
2023-01-20 06:14:34 [DEBUG] [webhook] Try use function <webhook_group_message> for [bilibiliFans]<V0.1.0>{"type":"GroupMessage","messageChain":[{"type":"Source","id":19195,"time":1674209673},{"type":"Plain","text":">python \nprint(\"a\")"}],"sender":{"id":3325629928,"memberName":" Dream.","specialTitle":"","permission":"OWNER","joinTimestamp":1673802578,"lastSpeakTimestamp":1674209674,"muteTimeRemaining":0,"group":{"id":604568448,"name":"MiraiTravel \u5b98\u65b9\u4ea4\u6d41\u7fa4","permission":"MEMBER"}}}
2023-01-20 06:14:34 [DEBUG] [webhook] Used failed! <Error: Call to undefined method MiraiTravel\Plugins\bilibiliFans\V0_1_0\bilibiliFans::webhook_group_message() in /www/WEB/mirai.mrxie.xyz/components/webhook/V0.1.1/webhook.php:58
Stack trace:
#0 [internal function]: MiraiTravel\QQObj\QQObj->MiraiTravel\Components\webhook\V0_1_1\{closure}()
#1 /www/WEB/mirai.mrxie.xyz/core/qqObj.php(273): call_user_func_array()
#2 /www/WEB/mirai.mrxie.xyz/webhook.php(45): MiraiTravel\QQObj\QQObj->__call()
#3 {main}>
2023-01-20 06:14:34 [DEBUG] [webhook] Try use function <webhook_group_message> for [runoobC]<V0.1.0>{"type":"GroupMessage","messageChain":[{"type":"Source","id":19195,"time":1674209673},{"type":"Plain","text":">python \nprint(\"a\")"}],"sender":{"id":3325629928,"memberName":" Dream.","specialTitle":"","permission":"OWNER","joinTimestamp":1673802578,"lastSpeakTimestamp":1674209674,"muteTimeRemaining":0,"group":{"id":604568448,"name":"MiraiTravel \u5b98\u65b9\u4ea4\u6d41\u7fa4","permission":"MEMBER"}}}
2023-01-20 06:14:38 [DEBUG] [webhook] Try use function <webhook_group_recall_event> for  {"type":"GroupRecallEvent","authorId":3325629928,"messageId":19194,"time":1674209665,"group":{"id":604568448,"name":"MiraiTravel \u5b98\u65b9\u4ea4\u6d41\u7fa4","permission":"MEMBER"},"operator":{"id":3325629928,"memberName":" Dream.","specialTitle":"","permission":"OWNER","joinTimestamp":1673802578,"lastSpeakTimestamp":1674209674,"muteTimeRemaining":0,"group":{"id":604568448,"name":"MiraiTravel \u5b98\u65b9\u4ea4\u6d41\u7fa4","permission":"MEMBER"}}}
2023-01-20 06:14:38 [DEBUG] [webhook] Try use function <webhook_group_recall_event> for [bilibiliFans]<V0.1.0>{"type":"GroupRecallEvent","authorId":3325629928,"messageId":19194,"time":1674209665,"group":{"id":604568448,"name":"MiraiTravel \u5b98\u65b9\u4ea4\u6d41\u7fa4","permission":"MEMBER"},"operator":{"id":3325629928,"memberName":" Dream.","specialTitle":"","permission":"OWNER","joinTimestamp":1673802578,"lastSpeakTimestamp":1674209674,"muteTimeRemaining":0,"group":{"id":604568448,"name":"MiraiTravel \u5b98\u65b9\u4ea4\u6d41\u7fa4","permission":"MEMBER"}}}
2023-01-20 06:14:38 [DEBUG] [webhook] Used failed! <Error: Call to undefined method MiraiTravel\Plugins\bilibiliFans\V0_1_0\bilibiliFans::webhook_group_recall_event() in /www/WEB/mirai.mrxie.xyz/components/webhook/V0.1.1/webhook.php:58
Stack trace:
#0 [internal function]: MiraiTravel\QQObj\QQObj->MiraiTravel\Components\webhook\V0_1_1\{closure}()
#1 /www/WEB/mirai.mrxie.xyz/core/qqObj.php(273): call_user_func_array()
#2 /www/WEB/mirai.mrxie.xyz/webhook.php(45): MiraiTravel\QQObj\QQObj->__call()
#3 {main}>
2023-01-20 06:14:38 [DEBUG] [webhook] Try use function <webhook_group_recall_event> for [runoobC]<V0.1.0>{"type":"GroupRecallEvent","authorId":3325629928,"messageId":19194,"time":1674209665,"group":{"id":604568448,"name":"MiraiTravel \u5b98\u65b9\u4ea4\u6d41\u7fa4","permission":"MEMBER"},"operator":{"id":3325629928,"memberName":" Dream.","specialTitle":"","permission":"OWNER","joinTimestamp":1673802578,"lastSpeakTimestamp":1674209674,"muteTimeRemaining":0,"group":{"id":604568448,"name":"MiraiTravel \u5b98\u65b9\u4ea4\u6d41\u7fa4","permission":"MEMBER"}}}
2023-01-20 06:14:38 [DEBUG] [webhook] Used failed! <Error: Call to undefined method MiraiTravel\Plugins\runoobC\V0_1_0\runoobC::webhook_group_recall_event() in /www/WEB/mirai.mrxie.xyz/components/webhook/V0.1.1/webhook.php:58
Stack trace:
#0 [internal function]: MiraiTravel\QQObj\QQObj->MiraiTravel\Components\webhook\V0_1_1\{closure}()
#1 /www/WEB/mirai.mrxie.xyz/core/qqObj.php(273): call_user_func_array()
#2 /www/WEB/mirai.mrxie.xyz/webhook.php(45): MiraiTravel\QQObj\QQObj->__call()
#3 {main}>
2023-01-20 06:14:40 [DEBUG] [webhook] Try use function <webhook_group_recall_event> for  {"type":"GroupRecallEvent","authorId":3325629928,"messageId":19193,"time":1674209638,"group":{"id":604568448,"name":"MiraiTravel \u5b98\u65b9\u4ea4\u6d41\u7fa4","permission":"MEMBER"},"operator":{"id":3325629928,"memberName":" Dream.","specialTitle":"","permission":"OWNER","joinTimestamp":1673802578,"lastSpeakTimestamp":1674209674,"muteTimeRemaining":0,"group":{"id":604568448,"name":"MiraiTravel \u5b98\u65b9\u4ea4\u6d41\u7fa4","permission":"MEMBER"}}}
2023-01-20 06:14:40 [DEBUG] [webhook] Try use function <webhook_group_recall_event> for [bilibiliFans]<V0.1.0>{"type":"GroupRecallEvent","authorId":3325629928,"messageId":19193,"time":1674209638,"group":{"id":604568448,"name":"MiraiTravel \u5b98\u65b9\u4ea4\u6d41\u7fa4","permission":"MEMBER"},"operator":{"id":3325629928,"memberName":" Dream.","specialTitle":"","permission":"OWNER","joinTimestamp":1673802578,"lastSpeakTimestamp":1674209674,"muteTimeRemaining":0,"group":{"id":604568448,"name":"MiraiTravel \u5b98\u65b9\u4ea4\u6d41\u7fa4","permission":"MEMBER"}}}
2023-01-20 06:14:40 [DEBUG] [webhook] Used failed! <Error: Call to undefined method MiraiTravel\Plugins\bilibiliFans\V0_1_0\bilibiliFans::webhook_group_recall_event() in /www/WEB/mirai.mrxie.xyz/components/webhook/V0.1.1/webhook.php:58
Stack trace:
#0 [internal function]: MiraiTravel\QQObj\QQObj->MiraiTravel\Components\webhook\V0_1_1\{closure}()
#1 /www/WEB/mirai.mrxie.xyz/core/qqObj.php(273): call_user_func_array()
#2 /www/WEB/mirai.mrxie.xyz/webhook.php(45): MiraiTravel\QQObj\QQObj->__call()
#3 {main}>
2023-01-20 06:14:40 [DEBUG] [webhook] Try use function <webhook_group_recall_event> for [runoobC]<V0.1.0>{"type":"GroupRecallEvent","authorId":3325629928,"messageId":19193,"time":1674209638,"group":{"id":604568448,"name":"MiraiTravel \u5b98\u65b9\u4ea4\u6d41\u7fa4","permission":"MEMBER"},"operator":{"id":3325629928,"memberName":" Dream.","specialTitle":"","permission":"OWNER","joinTimestamp":1673802578,"lastSpeakTimestamp":1674209674,"muteTimeRemaining":0,"group":{"id":604568448,"name":"MiraiTravel \u5b98\u65b9\u4ea4\u6d41\u7fa4","permission":"MEMBER"}}}
2023-01-20 06:14:40 [DEBUG] [webhook] Used failed! <Error: Call to undefined method MiraiTravel\Plugins\runoobC\V0_1_0\runoobC::webhook_group_recall_event() in /www/WEB/mirai.mrxie.xyz/components/webhook/V0.1.1/webhook.php:58
Stack trace:
#0 [internal function]: MiraiTravel\QQObj\QQObj->MiraiTravel\Components\webhook\V0_1_1\{closure}()
#1 /www/WEB/mirai.mrxie.xyz/core/qqObj.php(273): call_user_func_array()
#2 /www/WEB/mirai.mrxie.xyz/webhook.php(45): MiraiTravel\QQObj\QQObj->__call()
#3 {main}>
2023-01-20 06:15:05 [DEBUG] [webhook] Try use function <webhook_group_message> for  {"type":"GroupMessage","messageChain":[{"type":"Source","id":19197,"time":1674209705},{"type":"Plain","text":"\/bilibiliFans 443349642"}],"sender":{"id":3325629928,"memberName":" Dream.","specialTitle":"","permission":"OWNER","joinTimestamp":1673802578,"lastSpeakTimestamp":1674209705,"muteTimeRemaining":0,"group":{"id":604568448,"name":"MiraiTravel \u5b98\u65b9\u4ea4\u6d41\u7fa4","permission":"MEMBER"}}}
2023-01-20 06:15:05 [DEBUG] [webhook] Try use function <webhook_group_message> for [bilibiliFans]<V0.1.0>{"type":"GroupMessage","messageChain":[{"type":"Source","id":19197,"time":1674209705},{"type":"Plain","text":"\/bilibiliFans 443349642"}],"sender":{"id":3325629928,"memberName":" Dream.","specialTitle":"","permission":"OWNER","joinTimestamp":1673802578,"lastSpeakTimestamp":1674209705,"muteTimeRemaining":0,"group":{"id":604568448,"name":"MiraiTravel \u5b98\u65b9\u4ea4\u6d41\u7fa4","permission":"MEMBER"}}}
2023-01-20 06:15:05 [DEBUG] [webhook] Used failed! <Error: Call to undefined method MiraiTravel\Plugins\bilibiliFans\V0_1_0\bilibiliFans::webhook_group_message() in /www/WEB/mirai.mrxie.xyz/components/webhook/V0.1.1/webhook.php:58
Stack trace:
#0 [internal function]: MiraiTravel\QQObj\QQObj->MiraiTravel\Components\webhook\V0_1_1\{closure}()
#1 /www/WEB/mirai.mrxie.xyz/core/qqObj.php(273): call_user_func_array()
#2 /www/WEB/mirai.mrxie.xyz/webhook.php(45): MiraiTravel\QQObj\QQObj->__call()
#3 {main}>
2023-01-20 06:15:05 [DEBUG] [webhook] Try use function <webhook_group_message> for [runoobC]<V0.1.0>{"type":"GroupMessage","messageChain":[{"type":"Source","id":19197,"time":1674209705},{"type":"Plain","text":"\/bilibiliFans 443349642"}],"sender":{"id":3325629928,"memberName":" Dream.","specialTitle":"","permission":"OWNER","joinTimestamp":1673802578,"lastSpeakTimestamp":1674209705,"muteTimeRemaining":0,"group":{"id":604568448,"name":"MiraiTravel \u5b98\u65b9\u4ea4\u6d41\u7fa4","permission":"MEMBER"}}}
2023-01-20 06:15:12 [DEBUG] [webhook] Try use function <webhook_friend_message> for  {"type":"FriendMessage","messageChain":[{"type":"Source","id":6310,"time":1674209712},{"type":"Plain","text":"\/bilibiliFans 443349642"}],"sender":{"id":3325629928,"nickname":" Dream.","remark":" Dream."}}
2023-01-20 06:15:12 [DEBUG] [webhook] Try use function <webhook_friend_message> for [bilibiliFans]<V0.1.0>{"type":"FriendMessage","messageChain":[{"type":"Source","id":6310,"time":1674209712},{"type":"Plain","text":"\/bilibiliFans 443349642"}],"sender":{"id":3325629928,"nickname":" Dream.","remark":" Dream."}}
2023-01-20 06:15:12 [DEBUG] [webhook] Try use function <webhook_friend_message> for [runoobC]<V0.1.0>{"type":"FriendMessage","messageChain":[{"type":"Source","id":6310,"time":1674209712},{"type":"Plain","text":"\/bilibiliFans 443349642"}],"sender":{"id":3325629928,"nickname":" Dream.","remark":" Dream."}}
2023-01-20 06:15:12 [DEBUG] [webhook] Used failed! <Error: Call to undefined method MiraiTravel\Plugins\runoobC\V0_1_0\runoobC::webhook_friend_message() in /www/WEB/mirai.mrxie.xyz/components/webhook/V0.1.1/webhook.php:58
Stack trace:
#0 [internal function]: MiraiTravel\QQObj\QQObj->MiraiTravel\Components\webhook\V0_1_1\{closure}()
#1 /www/WEB/mirai.mrxie.xyz/core/qqObj.php(273): call_user_func_array()
#2 /www/WEB/mirai.mrxie.xyz/webhook.php(45): MiraiTravel\QQObj\QQObj->__call()
#3 {main}>
2023-01-20 06:15:18 [DEBUG] [webhook] Try use function <webhook_group_message> for  {"type":"GroupMessage","messageChain":[{"type":"Source","id":19198,"time":1674209718},{"type":"Plain","text":"377"}],"sender":{"id":3325629928,"memberName":" Dream.","specialTitle":"","permission":"OWNER","joinTimestamp":1673802578,"lastSpeakTimestamp":1674209718,"muteTimeRemaining":0,"group":{"id":604568448,"name":"MiraiTravel \u5b98\u65b9\u4ea4\u6d41\u7fa4","permission":"MEMBER"}}}
2023-01-20 06:15:18 [DEBUG] [webhook] Try use function <webhook_group_message> for [bilibiliFans]<V0.1.0>{"type":"GroupMessage","messageChain":[{"type":"Source","id":19198,"time":1674209718},{"type":"Plain","text":"377"}],"sender":{"id":3325629928,"memberName":" Dream.","specialTitle":"","permission":"OWNER","joinTimestamp":1673802578,"lastSpeakTimestamp":1674209718,"muteTimeRemaining":0,"group":{"id":604568448,"name":"MiraiTravel \u5b98\u65b9\u4ea4\u6d41\u7fa4","permission":"MEMBER"}}}
2023-01-20 06:15:18 [DEBUG] [webhook] Used failed! <Error: Call to undefined method MiraiTravel\Plugins\bilibiliFans\V0_1_0\bilibiliFans::webhook_group_message() in /www/WEB/mirai.mrxie.xyz/components/webhook/V0.1.1/webhook.php:58
Stack trace:
#0 [internal function]: MiraiTravel\QQObj\QQObj->MiraiTravel\Components\webhook\V0_1_1\{closure}()
#1 /www/WEB/mirai.mrxie.xyz/core/qqObj.php(273): call_user_func_array()
#2 /www/WEB/mirai.mrxie.xyz/webhook.php(45): MiraiTravel\QQObj\QQObj->__call()
#3 {main}>
2023-01-20 06:15:18 [DEBUG] [webhook] Try use function <webhook_group_message> for [runoobC]<V0.1.0>{"type":"GroupMessage","messageChain":[{"type":"Source","id":19198,"time":1674209718},{"type":"Plain","text":"377"}],"sender":{"id":3325629928,"memberName":" Dream.","specialTitle":"","permission":"OWNER","joinTimestamp":1673802578,"lastSpeakTimestamp":1674209718,"muteTimeRemaining":0,"group":{"id":604568448,"name":"MiraiTravel \u5b98\u65b9\u4ea4\u6d41\u7fa4","permission":"MEMBER"}}}