2023-01-18 04:13:23 [DEBUG] [curl_post] A CPOST URL=[http://localhost:60/verify] , BODY=[{"verifyKey":"123123123"}]
2023-01-18 04:13:23 [DEBUG] [curl_post] A CPOSTOK URL=[http://localhost:60/verify] , BODY=[{"verifyKey":"123123123"}] , RETURN=[{"code":0,"session":"6urCRD06"}]
2023-01-18 04:13:23 [DEBUG] [curl_post] A CPOST URL=[http://localhost:60/bind] , BODY=[{"sessionKey":"6urCRD06","qq":"2771717841"}]
2023-01-18 04:13:23 [DEBUG] [curl_post] A CPOSTOK URL=[http://localhost:60/bind] , BODY=[{"sessionKey":"6urCRD06","qq":"2771717841"}] , RETURN=[{"code":0,"msg":"success"}]
2023-01-18 04:15:25 [DEBUG] [curl_post] A CPOST URL=[http://localhost:60/sendFriendMessage] , BODY=[{"sessionKey":"6urCRD06","target":3325629928,"messageChain":[{"type":"Plain","text":"Hello MiraiTravel!"}]}]
2023-01-18 04:15:25 [DEBUG] [curl_post] A CPOSTOK URL=[http://localhost:60/sendFriendMessage] , BODY=[{"sessionKey":"6urCRD06","target":3325629928,"messageChain":[{"type":"Plain","text":"Hello MiraiTravel!"}]}] , RETURN=[{"code":0,"msg":"success","messageId":50842}]
2023-01-18 07:52:12 [DEBUG] [curl_post] A CPOST URL=[http://localhost:60/sendGroupMessage] , BODY=[{"sessionKey":"6urCRD06","target":712201056,"messageChain":[{"type":"Plain","text":"Hello MiraiTravel!"}]}]
2023-01-18 07:52:13 [DEBUG] [curl_post] A CPOSTOK URL=[http://localhost:60/sendGroupMessage] , BODY=[{"sessionKey":"6urCRD06","target":712201056,"messageChain":[{"type":"Plain","text":"Hello MiraiTravel!"}]}] , RETURN=[{"code":0,"msg":"success","messageId":208530}]
2023-01-18 07:57:20 [DEBUG] [curl_post] A CPOST URL=[http://localhost:60/sendGroupMessage] , BODY=[{"sessionKey":"6urCRD06","target":712201056,"messageChain":[{"type":"Plain","text":"Hello MiraiTravel!"}]}]
2023-01-18 07:57:21 [DEBUG] [curl_post] A CPOSTOK URL=[http://localhost:60/sendGroupMessage] , BODY=[{"sessionKey":"6urCRD06","target":712201056,"messageChain":[{"type":"Plain","text":"Hello MiraiTravel!"}]}] , RETURN=[{"code":0,"msg":"success","messageId":208532}]
2023-01-18 10:27:19 [DEBUG] [curl_post] A CPOST URL=[http://localhost:60/sendGroupMessage] , BODY=[{"sessionKey":"6urCRD06","target":604568448,"messageChain":[{"type":"Plain","text":"Hello MiraiTravel!"}]}]
2023-01-18 10:27:20 [DEBUG] [curl_post] A CPOSTOK URL=[http://localhost:60/sendGroupMessage] , BODY=[{"sessionKey":"6urCRD06","target":604568448,"messageChain":[{"type":"Plain","text":"Hello MiraiTravel!"}]}] , RETURN=[{"code":0,"msg":"success","messageId":19161}]
2023-01-18 10:27:24 [DEBUG] [curl_post] A CPOST URL=[http://localhost:60/sendFriendMessage] , BODY=[{"sessionKey":"6urCRD06","target":3325629928,"messageChain":[{"type":"Plain","text":"Hello MiraiTravel!"}]}]
2023-01-18 10:27:24 [DEBUG] [curl_post] A CPOSTOK URL=[http://localhost:60/sendFriendMessage] , BODY=[{"sessionKey":"6urCRD06","target":3325629928,"messageChain":[{"type":"Plain","text":"Hello MiraiTravel!"}]}] , RETURN=[{"code":0,"msg":"success","messageId":50843}]
2023-01-18 10:43:21 [DEBUG] [curl_post] A CPOST URL=[http://localhost:60/sendGroupMessage] , BODY=[{"sessionKey":"6urCRD06","target":604568448,"messageChain":[{"type":"Plain","text":"Hello MiraiTravel!"}]}]
2023-01-18 10:43:21 [DEBUG] [curl_post] A CPOSTOK URL=[http://localhost:60/sendGroupMessage] , BODY=[{"sessionKey":"6urCRD06","target":604568448,"messageChain":[{"type":"Plain","text":"Hello MiraiTravel!"}]}] , RETURN=[{"code":0,"msg":"success","messageId":19163}]
2023-01-18 10:43:26 [DEBUG] [curl_post] A CPOST URL=[http://localhost:60/sendFriendMessage] , BODY=[{"sessionKey":"6urCRD06","target":3325629928,"messageChain":[{"type":"Plain","text":"Hello MiraiTravel!"}]}]
2023-01-18 10:43:26 [DEBUG] [curl_post] A CPOSTOK URL=[http://localhost:60/sendFriendMessage] , BODY=[{"sessionKey":"6urCRD06","target":3325629928,"messageChain":[{"type":"Plain","text":"Hello MiraiTravel!"}]}] , RETURN=[{"code":0,"msg":"success","messageId":50844}]
2023-01-18 10:44:11 [DEBUG] [curl_post] A CPOST URL=[http://localhost:60/sendFriendMessage] , BODY=[{"sessionKey":"6urCRD06","target":3325629928,"messageChain":[{"type":"Plain","text":"Hello MiraiTravel!"}]}]
2023-01-18 10:44:11 [DEBUG] [curl_post] A CPOSTOK URL=[http://localhost:60/sendFriendMessage] , BODY=[{"sessionKey":"6urCRD06","target":3325629928,"messageChain":[{"type":"Plain","text":"Hello MiraiTravel!"}]}] , RETURN=[{"code":0,"msg":"success","messageId":50845}]
2023-01-18 10:44:11 [DEBUG] [curl_post] A CPOST URL=[http://localhost:60/sendFriendMessage] , BODY=[{"sessionKey":"6urCRD06","target":3325629928,"messageChain":[{"type":"Plain","text":"Hello MiraiTravel!"}]}]
2023-01-18 10:44:11 [DEBUG] [curl_post] A CPOSTOK URL=[http://localhost:60/sendFriendMessage] , BODY=[{"sessionKey":"6urCRD06","target":3325629928,"messageChain":[{"type":"Plain","text":"Hello MiraiTravel!"}]}] , RETURN=[{"code":0,"msg":"success","messageId":50846}]
2023-01-18 10:44:29 [DEBUG] [curl_post] A CPOST URL=[http://localhost:60/sendFriendMessage] , BODY=[{"sessionKey":"6urCRD06","target":3325629928,"messageChain":[{"type":"Plain","text":"Hello MiraiTravel!"}]}]
2023-01-18 10:44:29 [DEBUG] [curl_post] A CPOSTOK URL=[http://localhost:60/sendFriendMessage] , BODY=[{"sessionKey":"6urCRD06","target":3325629928,"messageChain":[{"type":"Plain","text":"Hello MiraiTravel!"}]}] , RETURN=[{"code":0,"msg":"success","messageId":50847}]
2023-01-18 10:48:05 [DEBUG] [curl_post] A CPOST URL=[http://localhost:60/sendFriendMessage] , BODY=[{"sessionKey":"6urCRD06","target":3325629928,"messageChain":[{"type":"Plain","text":"Hello MiraiTravel!"}]}]
2023-01-18 10:48:05 [DEBUG] [curl_post] A CPOSTOK URL=[http://localhost:60/sendFriendMessage] , BODY=[{"sessionKey":"6urCRD06","target":3325629928,"messageChain":[{"type":"Plain","text":"Hello MiraiTravel!"}]}] , RETURN=[{"code":0,"msg":"success","messageId":50848}]
2023-01-18 10:48:09 [DEBUG] [curl_post] A CPOST URL=[http://localhost:60/sendFriendMessage] , BODY=[{"sessionKey":"6urCRD06","target":3325629928,"messageChain":[{"type":"Plain","text":"Hello MiraiTravel!"}]}]
2023-01-18 10:48:09 [DEBUG] [curl_post] A CPOSTOK URL=[http://localhost:60/sendFriendMessage] , BODY=[{"sessionKey":"6urCRD06","target":3325629928,"messageChain":[{"type":"Plain","text":"Hello MiraiTravel!"}]}] , RETURN=[{"code":0,"msg":"success","messageId":50849}]
2023-01-18 10:49:44 [DEBUG] [curl_post] A CPOST URL=[http://localhost:60/sendFriendMessage] , BODY=[{"sessionKey":"6urCRD06","target":3325629928,"messageChain":[{"type":"Plain","text":"Hello MiraiTravel!"}]}]
2023-01-18 10:49:44 [DEBUG] [curl_post] A CPOSTOK URL=[http://localhost:60/sendFriendMessage] , BODY=[{"sessionKey":"6urCRD06","target":3325629928,"messageChain":[{"type":"Plain","text":"Hello MiraiTravel!"}]}] , RETURN=[{"code":0,"msg":"success","messageId":50851}]
2023-01-18 11:25:15 [DEBUG] [curl_post] A CPOST URL=[http://localhost:60/sendGroupMessage] , BODY=[{"sessionKey":"6urCRD06","target":604568448,"messageChain":[{"type":"Plain","text":"Hello MiraiTravel!"}]}]
2023-01-18 11:25:15 [DEBUG] [curl_post] A CPOSTOK URL=[http://localhost:60/sendGroupMessage] , BODY=[{"sessionKey":"6urCRD06","target":604568448,"messageChain":[{"type":"Plain","text":"Hello MiraiTravel!"}]}] , RETURN=[{"code":0,"msg":"success","messageId":19166}]
2023-01-18 11:29:22 [DEBUG] [curl_post] A CPOST URL=[https://tool.runoob.com/compile2.php] , BODY=[Array]
2023-01-18 11:29:23 [DEBUG] [curl_post] A CPOSTOK URL=[https://tool.runoob.com/compile2.php] , BODY=[Array] , RETURN=[{"output":"","errors":"\n\/box\/script.js:1\n a\n ^\n\nReferenceError: a is not defined\n    at Object.<anonymous> (\/box\/script.js:1:2)\n    at Module._compile (internal\/modules\/cjs\/loader.js:959:30)\n    at Object.Module._extensions..js (internal\/modules\/cjs\/loader.js:995:10)\n    at Module.load (internal\/modules\/cjs\/loader.js:815:32)\n    at Function.Module._load (internal\/modules\/cjs\/loader.js:727:14)\n    at Function.Module.runMain (internal\/modules\/cjs\/loader.js:1047:10)\n    at internal\/main\/run_main_module.js:17:11\n\nExited with error status 1"}]
2023-01-18 11:29:23 [DEBUG] [curl_post] A CPOST URL=[http://localhost:60/sendGroupMessage] , BODY=[{"sessionKey":"6urCRD06","target":604568448,"messageChain":["\n\/box\/script.js:1\n a\n ^\n\nReferenceError: a is not defined\n    at Object.<anonymous> (\/box\/script.js:1:2)\n    at Module._compile (internal\/modules\/cjs\/loader.js:959:30)\n    at Object.Module._extensions..js (internal\/modules\/cjs\/loader.js:995:10)\n    at Module.load (internal\/modules\/cjs\/loader.js:815:32)\n    at Function.Module._load (internal\/modules\/cjs\/loader.js:727:14)\n    at Function.Module.runMain (internal\/modules\/cjs\/loader.js:1047:10)\n    at internal\/main\/run_main_module.js:17:11\n\nExited with error status 1"]}]
2023-01-18 11:29:23 [DEBUG] [curl_post] A CPOSTOK URL=[http://localhost:60/sendGroupMessage] , BODY=[{"sessionKey":"6urCRD06","target":604568448,"messageChain":["\n\/box\/script.js:1\n a\n ^\n\nReferenceError: a is not defined\n    at Object.<anonymous> (\/box\/script.js:1:2)\n    at Module._compile (internal\/modules\/cjs\/loader.js:959:30)\n    at Object.Module._extensions..js (internal\/modules\/cjs\/loader.js:995:10)\n    at Module.load (internal\/modules\/cjs\/loader.js:815:32)\n    at Function.Module._load (internal\/modules\/cjs\/loader.js:727:14)\n    at Function.Module.runMain (internal\/modules\/cjs\/loader.js:1047:10)\n    at internal\/main\/run_main_module.js:17:11\n\nExited with error status 1"]}] , RETURN=[{"code":400,"msg":"无效参数"}]
2023-01-18 11:30:45 [DEBUG] [curl_post] A CPOST URL=[http://localhost:60/sendFriendMessage] , BODY=[{"sessionKey":"6urCRD06","target":3325629928,"messageChain":[{"type":"Plain","text":"Hello MiraiTravel!"}]}]
2023-01-18 11:30:45 [DEBUG] [curl_post] A CPOSTOK URL=[http://localhost:60/sendFriendMessage] , BODY=[{"sessionKey":"6urCRD06","target":3325629928,"messageChain":[{"type":"Plain","text":"Hello MiraiTravel!"}]}] , RETURN=[{"code":0,"msg":"success","messageId":50852}]
2023-01-18 11:31:39 [DEBUG] [curl_post] A CPOST URL=[http://localhost:60/sendGroupMessage] , BODY=[{"sessionKey":"6urCRD06","target":604568448,"messageChain":[{"type":"Plain","text":"Hello MiraiTravel!"}]}]
2023-01-18 11:31:39 [DEBUG] [curl_post] A CPOSTOK URL=[http://localhost:60/sendGroupMessage] , BODY=[{"sessionKey":"6urCRD06","target":604568448,"messageChain":[{"type":"Plain","text":"Hello MiraiTravel!"}]}] , RETURN=[{"code":0,"msg":"success","messageId":19172}]
2023-01-18 11:31:39 [DEBUG] [curl_post] A CPOST URL=[https://tool.runoob.com/compile2.php] , BODY=[Array]
2023-01-18 11:31:40 [DEBUG] [curl_post] A CPOSTOK URL=[https://tool.runoob.com/compile2.php] , BODY=[Array] , RETURN=[{"output":"","errors":"\n\/box\/script.js:1\n a\n ^\n\nReferenceError: a is not defined\n    at Object.<anonymous> (\/box\/script.js:1:2)\n    at Module._compile (internal\/modules\/cjs\/loader.js:959:30)\n    at Object.Module._extensions..js (internal\/modules\/cjs\/loader.js:995:10)\n    at Module.load (internal\/modules\/cjs\/loader.js:815:32)\n    at Function.Module._load (internal\/modules\/cjs\/loader.js:727:14)\n    at Function.Module.runMain (internal\/modules\/cjs\/loader.js:1047:10)\n    at internal\/main\/run_main_module.js:17:11\n\nExited with error status 1"}]
2023-01-18 11:31:40 [DEBUG] [curl_post] A CPOST URL=[http://localhost:60/sendGroupMessage] , BODY=[{"sessionKey":"6urCRD06","target":604568448,"messageChain":{"\u0000MiraiTravel\\MessageChain\\MessageChain\u0000messageChain":[{"type":"Plain","text":""}]}}]
2023-01-18 11:31:40 [DEBUG] [curl_post] A CPOSTOK URL=[http://localhost:60/sendGroupMessage] , BODY=[{"sessionKey":"6urCRD06","target":604568448,"messageChain":{"\u0000MiraiTravel\\MessageChain\\MessageChain\u0000messageChain":[{"type":"Plain","text":""}]}}] , RETURN=[{"code":400,"msg":"无效参数"}]
2023-01-18 11:32:01 [DEBUG] [curl_post] A CPOST URL=[https://tool.runoob.com/compile2.php] , BODY=[Array]
2023-01-18 11:32:03 [DEBUG] [curl_post] A CPOSTOK URL=[https://tool.runoob.com/compile2.php] , BODY=[Array] , RETURN=[{"output":"","errors":"\n\/box\/script.js:1\n a\n ^\n\nReferenceError: a is not defined\n    at Object.<anonymous> (\/box\/script.js:1:2)\n    at Module._compile (internal\/modules\/cjs\/loader.js:959:30)\n    at Object.Module._extensions..js (internal\/modules\/cjs\/loader.js:995:10)\n    at Module.load (internal\/modules\/cjs\/loader.js:815:32)\n    at Function.Module._load (internal\/modules\/cjs\/loader.js:727:14)\n    at Function.Module.runMain (internal\/modules\/cjs\/loader.js:1047:10)\n    at internal\/main\/run_main_module.js:17:11\n\nExited with error status 1"}]
2023-01-18 11:32:03 [DEBUG] [curl_post] A CPOST URL=[http://localhost:60/sendGroupMessage] , BODY=[{"sessionKey":"6urCRD06","target":604568448,"messageChain":{"\u0000MiraiTravel\\MessageChain\\MessageChain\u0000messageChain":[{"type":"Plain","text":""}]}}]
2023-01-18 11:32:03 [DEBUG] [curl_post] A CPOSTOK URL=[http://localhost:60/sendGroupMessage] , BODY=[{"sessionKey":"6urCRD06","target":604568448,"messageChain":{"\u0000MiraiTravel\\MessageChain\\MessageChain\u0000messageChain":[{"type":"Plain","text":""}]}}] , RETURN=[{"code":400,"msg":"无效参数"}]
2023-01-18 11:33:47 [DEBUG] [curl_post] A CPOST URL=[https://tool.runoob.com/compile2.php] , BODY=[Array]
2023-01-18 11:33:48 [DEBUG] [curl_post] A CPOSTOK URL=[https://tool.runoob.com/compile2.php] , BODY=[Array] , RETURN=[{"output":"","errors":"\n\/box\/script.js:1\n a\n ^\n\nReferenceError: a is not defined\n    at Object.<anonymous> (\/box\/script.js:1:2)\n    at Module._compile (internal\/modules\/cjs\/loader.js:959:30)\n    at Object.Module._extensions..js (internal\/modules\/cjs\/loader.js:995:10)\n    at Module.load (internal\/modules\/cjs\/loader.js:815:32)\n    at Function.Module._load (internal\/modules\/cjs\/loader.js:727:14)\n    at Function.Module.runMain (internal\/modules\/cjs\/loader.js:1047:10)\n    at internal\/main\/run_main_module.js:17:11\n\nExited with error status 1"}]
2023-01-18 11:33:48 [DEBUG] [curl_post] A CPOST URL=[http://localhost:60/sendGroupMessage] , BODY=[{"sessionKey":"6urCRD06","target":604568448,"messageChain":{"\u0000MiraiTravel\\MessageChain\\MessageChain\u0000messageChain":[{"type":"Plain","text":"\n\/box\/script.js:1\n a\n ^\n\nReferenceError: a is not defined\n    at Object.<anonymous> (\/box\/script.js:1:2)\n    at Module._compile (internal\/modules\/cjs\/loader.js:959:30)\n    at Object.Module._extensions..js (internal\/modules\/cjs\/loader.js:995:10)\n    at Module.load (internal\/modules\/cjs\/loader.js:815:32)\n    at Function.Module._load (internal\/modules\/cjs\/loader.js:727:14)\n    at Function.Module.runMain (internal\/modules\/cjs\/loader.js:1047:10)\n    at internal\/main\/run_main_module.js:17:11\n\nExited with error status 1"}]}}]
2023-01-18 11:33:48 [DEBUG] [curl_post] A CPOSTOK URL=[http://localhost:60/sendGroupMessage] , BODY=[{"sessionKey":"6urCRD06","target":604568448,"messageChain":{"\u0000MiraiTravel\\MessageChain\\MessageChain\u0000messageChain":[{"type":"Plain","text":"\n\/box\/script.js:1\n a\n ^\n\nReferenceError: a is not defined\n    at Object.<anonymous> (\/box\/script.js:1:2)\n    at Module._compile (internal\/modules\/cjs\/loader.js:959:30)\n    at Object.Module._extensions..js (internal\/modules\/cjs\/loader.js:995:10)\n    at Module.load (internal\/modules\/cjs\/loader.js:815:32)\n    at Function.Module._load (internal\/modules\/cjs\/loader.js:727:14)\n    at Function.Module.runMain (internal\/modules\/cjs\/loader.js:1047:10)\n    at internal\/main\/run_main_module.js:17:11\n\nExited with error status 1"}]}}] , RETURN=[{"code":400,"msg":"无效参数"}]
2023-01-18 11:35:46 [DEBUG] [curl_post] A CPOST URL=[https://tool.runoob.com/compile2.php] , BODY=[Array]
2023-01-18 11:35:48 [DEBUG] [curl_post] A CPOSTOK URL=[https://tool.runoob.com/compile2.php] , BODY=[Array] , RETURN=[{"output":"","errors":"\n\/box\/script.js:1\n a\n ^\n\nReferenceError: a is not defined\n    at Object.<anonymous> (\/box\/script.js:1:2)\n    at Module._compile (internal\/modules\/cjs\/loader.js:959:30)\n    at Object.Module._extensions..js (internal\/modules\/cjs\/loader.js:995:10)\n    at Module.load (internal\/modules\/cjs\/loader.js:815:32)\n    at Function.Module._load (internal\/modules\/cjs\/loader.js:727:14)\n    at Function.Module.runMain (internal\/modules\/cjs\/loader.js:1047:10)\n    at internal\/main\/run_main_module.js:17:11\n\nExited with error status 1"}]
2023-01-18 11:35:48 [DEBUG] [curl_post] A CPOST URL=[http://localhost:60/sendGroupMessage] , BODY=[{"sessionKey":"6urCRD06","target":604568448,"messageChain":[{"type":"Plain","text":"\n\/box\/script.js:1\n a\n ^\n\nReferenceError: a is not defined\n    at Object.<anonymous> (\/box\/script.js:1:2)\n    at Module._compile (internal\/modules\/cjs\/loader.js:959:30)\n    at Object.Module._extensions..js (internal\/modules\/cjs\/loader.js:995:10)\n    at Module.load (internal\/modules\/cjs\/loader.js:815:32)\n    at Function.Module._load (internal\/modules\/cjs\/loader.js:727:14)\n    at Function.Module.runMain (internal\/modules\/cjs\/loader.js:1047:10)\n    at internal\/main\/run_main_module.js:17:11\n\nExited with error status 1"}]}]
2023-01-18 11:35:48 [DEBUG] [curl_post] A CPOSTOK URL=[http://localhost:60/sendGroupMessage] , BODY=[{"sessionKey":"6urCRD06","target":604568448,"messageChain":[{"type":"Plain","text":"\n\/box\/script.js:1\n a\n ^\n\nReferenceError: a is not defined\n    at Object.<anonymous> (\/box\/script.js:1:2)\n    at Module._compile (internal\/modules\/cjs\/loader.js:959:30)\n    at Object.Module._extensions..js (internal\/modules\/cjs\/loader.js:995:10)\n    at Module.load (internal\/modules\/cjs\/loader.js:815:32)\n    at Function.Module._load (internal\/modules\/cjs\/loader.js:727:14)\n    at Function.Module.runMain (internal\/modules\/cjs\/loader.js:1047:10)\n    at internal\/main\/run_main_module.js:17:11\n\nExited with error status 1"}]}] , RETURN=[{"code":0,"msg":"success","messageId":19176}]
2023-01-18 11:36:06 [DEBUG] [curl_post] A CPOST URL=[https://tool.runoob.com/compile2.php] , BODY=[Array]
2023-01-18 11:36:07 [DEBUG] [curl_post] A CPOSTOK URL=[https://tool.runoob.com/compile2.php] , BODY=[Array] , RETURN=[{"output":"a\n","errors":"\n\n"}]
2023-01-18 11:36:07 [DEBUG] [curl_post] A CPOST URL=[http://localhost:60/sendGroupMessage] , BODY=[{"sessionKey":"6urCRD06","target":604568448,"messageChain":[{"type":"Plain","text":"a\n"}]}]
2023-01-18 11:36:07 [DEBUG] [curl_post] A CPOSTOK URL=[http://localhost:60/sendGroupMessage] , BODY=[{"sessionKey":"6urCRD06","target":604568448,"messageChain":[{"type":"Plain","text":"a\n"}]}] , RETURN=[{"code":0,"msg":"success","messageId":19178}]
2023-01-18 11:36:15 [DEBUG] [curl_post] A CPOST URL=[https://tool.runoob.com/compile2.php] , BODY=[Array]
2023-01-18 11:36:16 [DEBUG] [curl_post] A CPOSTOK URL=[https://tool.runoob.com/compile2.php] , BODY=[Array] , RETURN=[{"output":"a\n","errors":"\n\n"}]
2023-01-18 11:36:16 [DEBUG] [curl_post] A CPOST URL=[http://localhost:60/sendGroupMessage] , BODY=[{"sessionKey":"6urCRD06","target":604568448,"messageChain":[{"type":"Plain","text":"a\n"}]}]
2023-01-18 11:36:16 [DEBUG] [curl_post] A CPOSTOK URL=[http://localhost:60/sendGroupMessage] , BODY=[{"sessionKey":"6urCRD06","target":604568448,"messageChain":[{"type":"Plain","text":"a\n"}]}] , RETURN=[{"code":0,"msg":"success","messageId":19180}]
2023-01-18 11:42:58 [DEBUG] [curl_post] A CPOST URL=[https://tool.runoob.com/compile2.php] , BODY=[Array]
2023-01-18 11:42:59 [DEBUG] [curl_post] A CPOSTOK URL=[https://tool.runoob.com/compile2.php] , BODY=[Array] , RETURN=[{"output":"a\n","errors":"\n\n"}]
2023-01-18 11:42:59 [DEBUG] [curl_post] A CPOST URL=[http://localhost:60/sendGroupMessage] , BODY=[{"sessionKey":"6urCRD06","target":604568448,"messageChain":[{"type":"Plain","text":"a\n"}]}]
2023-01-18 11:43:00 [DEBUG] [curl_post] A CPOSTOK URL=[http://localhost:60/sendGroupMessage] , BODY=[{"sessionKey":"6urCRD06","target":604568448,"messageChain":[{"type":"Plain","text":"a\n"}]}] , RETURN=[{"code":0,"msg":"success","messageId":19182}]
2023-01-18 11:44:34 [DEBUG] [curl_post] A CPOST URL=[https://tool.runoob.com/compile2.php] , BODY=[Array]
2023-01-18 11:44:36 [DEBUG] [curl_post] A CPOSTOK URL=[https://tool.runoob.com/compile2.php] , BODY=[Array] , RETURN=[{"output":"a\n","errors":"\n\n"}]
2023-01-18 11:44:36 [DEBUG] [curl_post] A CPOST URL=[http://localhost:60/sendGroupMessage] , BODY=[{"sessionKey":"6urCRD06","target":604568448,"messageChain":[{"type":"Plain","text":"a\n\u5f53\u524dMiraiTravel\u5df2\u4f7f\u7528 585312byte \u5185\u5b58"}]}]
2023-01-18 11:44:36 [DEBUG] [curl_post] A CPOSTOK URL=[http://localhost:60/sendGroupMessage] , BODY=[{"sessionKey":"6urCRD06","target":604568448,"messageChain":[{"type":"Plain","text":"a\n\u5f53\u524dMiraiTravel\u5df2\u4f7f\u7528 585312byte \u5185\u5b58"}]}] , RETURN=[{"code":0,"msg":"success","messageId":19184}]